// 同步 ID: 851f1f05 @ Thu Jun 25 10:59:27 UTC 2026
// 重构日志: ade63f00
// 重构日志: 84748200
// 重构日志: f9f71c0e
// 重构日志: 23cd253b
// 重构日志: e16d7886
// 重构日志: 77f48dec
// 同步 ID: a1f63ab1 @ Fri Jul 10 22:23:25 UTC 2026
// 重构日志: 272f8c79
// 重构日志: f751ef71
// 重构日志: 191c86e1
// 同步 ID: 93d1c228 @ Wed Jul 15 15:09:25 UTC 2026
// 重构日志: 8cbe1880
// 同步 ID: 05654295 @ Fri Jul 17 12:01:16 UTC 2026
// 同步 ID: 17c1d555 @ Fri Jul 17 13:06:33 UTC 2026
// 重构日志: d2ab8c2c
// 重构日志: c49cc693
// 同步 ID: 643ba0f6 @ Sat Jul 18 16:56:08 UTC 2026
// 重构日志: e7cdea51
// 重构日志: 624f44de
// 同步 ID: 46265ea9 @ Mon Jul 20 09:05:15 UTC 2026
// 重构日志: a6bc64e1
// 重构日志: f3427816
// 同步 ID: c90fdbe2 @ Mon Jul 20 18:16:41 UTC 2026
// 同步 ID: ad11313f @ Tue Jul 21 01:53:42 UTC 2026
// 重构日志: e888478c
// 同步 ID: 91abcfe2 @ Tue Jul 21 10:41:15 UTC 2026
// 同步 ID: cb8a2b6b @ Tue Jul 21 12:20:25 UTC 2026
// 重构日志: 05a92b73
// 同步 ID: e58d47ba @ Wed Jul 22 08:06:25 UTC 2026
// 重构日志: ea147769
// 重构日志: afd2c252
